{"/home/user/fin/src/components/common/ErrorBoundary.tsx": {"path":"/home/user/fin/src/components/common/ErrorBoundary.tsx","statementMap":{"0":{"start":{"line":41,"column":16},"end":{"line":48,"column":null}},"1":{"start":{"line":50,"column":17},"end":{"line":57,"column":null}},"2":{"start":{"line":16,"column":4},"end":{"line":16,"column":null}},"3":{"start":{"line":17,"column":4},"end":{"line":21,"column":null}},"4":{"start":{"line":25,"column":4},"end":{"line":25,"column":null}},"5":{"start":{"line":30,"column":4},"end":{"line":30,"column":null}},"6":{"start":{"line":32,"column":4},"end":{"line":35,"column":null}},"7":{"start":{"line":42,"column":4},"end":{"line":46,"column":null}},"8":{"start":{"line":47,"column":4},"end":{"line":47,"column":null}},"9":{"start":{"line":51,"column":4},"end":{"line":55,"column":null}},"10":{"start":{"line":56,"column":4},"end":{"line":56,"column":null}},"11":{"start":{"line":60,"column":4},"end":{"line":134,"column":null}},"12":{"start":{"line":61,"column":6},"end":{"line":132,"column":null}},"13":{"start":{"line":136,"column":4},"end":{"line":136,"column":null}}},"fnMap":{"0":{"name":"(anonymous_0)","decl":{"start":{"line":15,"column":2},"end":{"line":15,"column":14}},"loc":{"start":{"line":15,"column":28},"end":{"line":22,"column":null}},"line":15},"1":{"name":"(anonymous_1)","decl":{"start":{"line":24,"column":9},"end":{"line":24,"column":34}},"loc":{"start":{"line":24,"column":65},"end":{"line":26,"column":null}},"line":24},"2":{"name":"(anonymous_2)","decl":{"start":{"line":28,"column":2},"end":{"line":28,"column":20}},"loc":{"start":{"line":28,"column":56},"end":{"line":39,"column":null}},"line":28},"3":{"name":"(anonymous_3)","decl":{"start":{"line":41,"column":16},"end":{"line":41,"column":22}},"loc":{"start":{"line":41,"column":22},"end":{"line":48,"column":null}},"line":41},"4":{"name":"(anonymous_4)","decl":{"start":{"line":50,"column":17},"end":{"line":50,"column":23}},"loc":{"start":{"line":50,"column":23},"end":{"line":57,"column":null}},"line":50},"5":{"name":"(anonymous_5)","decl":{"start":{"line":59,"column":2},"end":{"line":59,"column":11}},"loc":{"start":{"line":59,"column":11},"end":{"line":137,"column":null}},"line":59}},"branchMap":{"0":{"loc":{"start":{"line":60,"column":4},"end":{"line":134,"column":null}},"type":"if","locations":[{"start":{"line":60,"column":4},"end":{"line":134,"column":null}},{"start":{},"end":{}}],"line":60},"1":{"loc":{"start":{"line":83,"column":13},"end":{"line":99,"column":null}},"type":"binary-expr","locations":[{"start":{"line":83,"column":13},"end":{"line":83,"column":36}},{"start":{"line":83,"column":36},"end":{"line":83,"column":null}},{"start":{"line":84,"column":14},"end":{"line":99,"column":null}}],"line":83},"2":{"loc":{"start":{"line":89,"column":17},"end":{"line":97,"column":null}},"type":"binary-expr","locations":[{"start":{"line":89,"column":17},"end":{"line":89,"column":null}},{"start":{"line":90,"column":18},"end":{"line":97,"column":null}}],"line":89}},"s":{"0":1,"1":1,"2":25,"3":25,"4":26,"5":13,"6":13,"7":1,"8":1,"9":1,"10":1,"11":67,"12":39,"13":28},"f":{"0":25,"1":24,"2":13,"3":1,"4":1,"5":67},"b":{"0":[39,28],"1":[39,39,13],"2":[13,13]},"meta":{"lastBranch":3,"lastFunction":6,"lastStatement":14,"seen":{"s:41:16:48:Infinity":0,"s:50:17:57:Infinity":1,"f:15:2:15:14":0,"s:16:4:16:Infinity":2,"s:17:4:21:Infinity":3,"f:24:9:24:34":1,"s:25:4:25:Infinity":4,"f:28:2:28:20":2,"s:30:4:30:Infinity":5,"s:32:4:35:Infinity":6,"f:41:16:41:22":3,"s:42:4:46:Infinity":7,"s:47:4:47:Infinity":8,"f:50:17:50:23":4,"s:51:4:55:Infinity":9,"s:56:4:56:Infinity":10,"f:59:2:59:11":5,"b:60:4:134:Infinity:undefined:undefined:undefined:undefined":0,"s:60:4:134:Infinity":11,"s:61:6:132:Infinity":12,"b:83:13:83:36:83:36:83:Infinity:84:14:99:Infinity":1,"b:89:17:89:Infinity:90:18:97:Infinity":2,"s:136:4:136:Infinity":13}}}
,"/home/user/fin/src/components/common/Toast.tsx": {"path":"/home/user/fin/src/components/common/Toast.tsx","statementMap":{"0":{"start":{"line":14,"column":36},"end":{"line":60,"column":null}},"1":{"start":{"line":15,"column":2},"end":{"line":21,"column":null}},"2":{"start":{"line":16,"column":18},"end":{"line":18,"column":null}},"3":{"start":{"line":17,"column":6},"end":{"line":17,"column":null}},"4":{"start":{"line":20,"column":4},"end":{"line":20,"column":null}},"5":{"start":{"line":20,"column":17},"end":{"line":20,"column":null}},"6":{"start":{"line":23,"column":16},"end":{"line":28,"column":null}},"7":{"start":{"line":30,"column":17},"end":{"line":35,"column":null}},"8":{"start":{"line":37,"column":21},"end":{"line":42,"column":null}},"9":{"start":{"line":44,"column":2},"end":{"line":58,"column":null}},"10":{"start":{"line":52,"column":23},"end":{"line":52,"column":null}}},"fnMap":{"0":{"name":"(anonymous_0)","decl":{"start":{"line":14,"column":36},"end":{"line":14,"column":37}},"loc":{"start":{"line":14,"column":89},"end":{"line":60,"column":null}},"line":14},"1":{"name":"(anonymous_1)","decl":{"start":{"line":15,"column":12},"end":{"line":15,"column":18}},"loc":{"start":{"line":15,"column":18},"end":{"line":21,"column":5}},"line":15},"2":{"name":"(anonymous_2)","decl":{"start":{"line":16,"column":29},"end":{"line":16,"column":35}},"loc":{"start":{"line":16,"column":35},"end":{"line":18,"column":7}},"line":16},"3":{"name":"(anonymous_3)","decl":{"start":{"line":20,"column":11},"end":{"line":20,"column":17}},"loc":{"start":{"line":20,"column":17},"end":{"line":20,"column":null}},"line":20},"4":{"name":"(anonymous_4)","decl":{"start":{"line":52,"column":17},"end":{"line":52,"column":23}},"loc":{"start":{"line":52,"column":23},"end":{"line":52,"column":null}},"line":52}},"branchMap":{"0":{"loc":{"start":{"line":14,"column":58},"end":{"line":14,"column":75}},"type":"default-arg","locations":[{"start":{"line":14,"column":69},"end":{"line":14,"column":75}}],"line":14}},"s":{"0":1,"1":20,"2":20,"3":2,"4":20,"5":20,"6":20,"7":20,"8":20,"9":20,"10":1},"f":{"0":20,"1":20,"2":2,"3":20,"4":1},"b":{"0":[20]},"meta":{"lastBranch":1,"lastFunction":5,"lastStatement":11,"seen":{"s:14:36:60:Infinity":0,"f:14:36:14:37":0,"b:14:69:14:75":0,"s:15:2:21:Infinity":1,"f:15:12:15:18":1,"s:16:18:18:Infinity":2,"f:16:29:16:35":2,"s:17:6:17:Infinity":3,"s:20:4:20:Infinity":4,"f:20:11:20:17":3,"s:20:17:20:Infinity":5,"s:23:16:28:Infinity":6,"s:30:17:35:Infinity":7,"s:37:21:42:Infinity":8,"s:44:2:58:Infinity":9,"f:52:17:52:23":4,"s:52:23:52:Infinity":10}}}
,"/home/user/fin/src/hooks/useToast.ts": {"path":"/home/user/fin/src/hooks/useToast.ts","statementMap":{"0":{"start":{"line":21,"column":13},"end":{"line":54,"column":null}},"1":{"start":{"line":21,"column":58},"end":{"line":54,"column":2}},"2":{"start":{"line":25,"column":15},"end":{"line":25,"column":null}},"3":{"start":{"line":26,"column":28},"end":{"line":26,"column":null}},"4":{"start":{"line":28,"column":4},"end":{"line":30,"column":null}},"5":{"start":{"line":28,"column":20},"end":{"line":30,"column":6}},"6":{"start":{"line":34,"column":4},"end":{"line":36,"column":null}},"7":{"start":{"line":34,"column":20},"end":{"line":36,"column":6}},"8":{"start":{"line":35,"column":45},"end":{"line":35,"column":60}},"9":{"start":{"line":40,"column":4},"end":{"line":40,"column":null}},"10":{"start":{"line":44,"column":4},"end":{"line":44,"column":null}},"11":{"start":{"line":48,"column":4},"end":{"line":48,"column":null}},"12":{"start":{"line":52,"column":4},"end":{"line":52,"column":null}},"13":{"start":{"line":57,"column":24},"end":{"line":66,"column":null}},"14":{"start":{"line":58,"column":44},"end":{"line":58,"column":null}},"15":{"start":{"line":60,"column":2},"end":{"line":65,"column":null}}},"fnMap":{"0":{"name":"(anonymous_0)","decl":{"start":{"line":21,"column":48},"end":{"line":21,"column":49}},"loc":{"start":{"line":21,"column":58},"end":{"line":54,"column":2}},"line":21},"1":{"name":"(anonymous_1)","decl":{"start":{"line":24,"column":12},"end":{"line":24,"column":13}},"loc":{"start":{"line":24,"column":48},"end":{"line":31,"column":null}},"line":24},"2":{"name":"(anonymous_2)","decl":{"start":{"line":28,"column":8},"end":{"line":28,"column":9}},"loc":{"start":{"line":28,"column":20},"end":{"line":30,"column":6}},"line":28},"3":{"name":"(anonymous_3)","decl":{"start":{"line":33,"column":15},"end":{"line":33,"column":16}},"loc":{"start":{"line":33,"column":23},"end":{"line":37,"column":null}},"line":33},"4":{"name":"(anonymous_4)","decl":{"start":{"line":34,"column":8},"end":{"line":34,"column":9}},"loc":{"start":{"line":34,"column":20},"end":{"line":36,"column":6}},"line":34},"5":{"name":"(anonymous_5)","decl":{"start":{"line":35,"column":34},"end":{"line":35,"column":35}},"loc":{"start":{"line":35,"column":45},"end":{"line":35,"column":60}},"line":35},"6":{"name":"(anonymous_6)","decl":{"start":{"line":39,"column":11},"end":{"line":39,"column":12}},"loc":{"start":{"line":39,"column":34},"end":{"line":41,"column":null}},"line":39},"7":{"name":"(anonymous_7)","decl":{"start":{"line":43,"column":9},"end":{"line":43,"column":10}},"loc":{"start":{"line":43,"column":32},"end":{"line":45,"column":null}},"line":43},"8":{"name":"(anonymous_8)","decl":{"start":{"line":47,"column":11},"end":{"line":47,"column":12}},"loc":{"start":{"line":47,"column":34},"end":{"line":49,"column":null}},"line":47},"9":{"name":"(anonymous_9)","decl":{"start":{"line":51,"column":8},"end":{"line":51,"column":9}},"loc":{"start":{"line":51,"column":31},"end":{"line":53,"column":null}},"line":51},"10":{"name":"(anonymous_10)","decl":{"start":{"line":57,"column":24},"end":{"line":57,"column":30}},"loc":{"start":{"line":57,"column":30},"end":{"line":66,"column":null}},"line":57}},"branchMap":{"0":{"loc":{"start":{"line":24,"column":28},"end":{"line":24,"column":48}},"type":"default-arg","locations":[{"start":{"line":24,"column":39},"end":{"line":24,"column":48}}],"line":24}},"s":{"0":1,"1":1,"2":26,"3":26,"4":26,"5":26,"6":3,"7":3,"8":6,"9":4,"10":2,"11":2,"12":2,"13":1,"14":5,"15":5},"f":{"0":1,"1":26,"2":26,"3":3,"4":3,"5":6,"6":4,"7":2,"8":2,"9":2,"10":5},"b":{"0":[26]},"meta":{"lastBranch":1,"lastFunction":11,"lastStatement":16,"seen":{"s:21:13:54:Infinity":0,"f:21:48:21:49":0,"s:21:58:54:2":1,"f:24:12:24:13":1,"b:24:39:24:48":0,"s:25:15:25:Infinity":2,"s:26:28:26:Infinity":3,"s:28:4:30:Infinity":4,"f:28:8:28:9":2,"s:28:20:30:6":5,"f:33:15:33:16":3,"s:34:4:36:Infinity":6,"f:34:8:34:9":4,"s:34:20:36:6":7,"f:35:34:35:35":5,"s:35:45:35:60":8,"f:39:11:39:12":6,"s:40:4:40:Infinity":9,"f:43:9:43:10":7,"s:44:4:44:Infinity":10,"f:47:11:47:12":8,"s:48:4:48:Infinity":11,"f:51:8:51:9":9,"s:52:4:52:Infinity":12,"s:57:24:66:Infinity":13,"f:57:24:57:30":10,"s:58:44:58:Infinity":14,"s:60:2:65:Infinity":15}}}
,"/home/user/fin/src/utils/calculations.ts": {"path":"/home/user/fin/src/utils/calculations.ts","statementMap":{"0":{"start":{"line":10,"column":21},"end":{"line":58,"column":null}},"1":{"start":{"line":12,"column":2},"end":{"line":12,"column":null}},"2":{"start":{"line":12,"column":61},"end":{"line":12,"column":null}},"3":{"start":{"line":15,"column":2},"end":{"line":27,"column":null}},"4":{"start":{"line":16,"column":4},"end":{"line":19,"column":null}},"5":{"start":{"line":17,"column":6},"end":{"line":17,"column":null}},"6":{"start":{"line":18,"column":6},"end":{"line":18,"column":null}},"7":{"start":{"line":21,"column":22},"end":{"line":21,"column":null}},"8":{"start":{"line":22,"column":4},"end":{"line":25,"column":null}},"9":{"start":{"line":23,"column":6},"end":{"line":23,"column":null}},"10":{"start":{"line":24,"column":6},"end":{"line":24,"column":null}},"11":{"start":{"line":26,"column":4},"end":{"line":26,"column":null}},"12":{"start":{"line":30,"column":2},"end":{"line":53,"column":null}},"13":{"start":{"line":32,"column":20},"end":{"line":35,"column":null}},"14":{"start":{"line":37,"column":16},"end":{"line":37,"column":null}},"15":{"start":{"line":40,"column":4},"end":{"line":43,"column":null}},"16":{"start":{"line":41,"column":6},"end":{"line":41,"column":null}},"17":{"start":{"line":42,"column":6},"end":{"line":42,"column":null}},"18":{"start":{"line":46,"column":22},"end":{"line":46,"column":null}},"19":{"start":{"line":47,"column":4},"end":{"line":50,"column":null}},"20":{"start":{"line":48,"column":6},"end":{"line":48,"column":null}},"21":{"start":{"line":49,"column":6},"end":{"line":49,"column":null}},"22":{"start":{"line":52,"column":4},"end":{"line":52,"column":null}},"23":{"start":{"line":56,"column":2},"end":{"line":56,"column":null}},"24":{"start":{"line":57,"column":2},"end":{"line":57,"column":null}},"25":{"start":{"line":63,"column":47},"end":{"line":94,"column":null}},"26":{"start":{"line":68,"column":17},"end":{"line":87,"column":null}},"27":{"start":{"line":70,"column":21},"end":{"line":70,"column":null}},"28":{"start":{"line":72,"column":6},"end":{"line":82,"column":null}},"29":{"start":{"line":74,"column":10},"end":{"line":74,"column":null}},"30":{"start":{"line":75,"column":10},"end":{"line":75,"column":null}},"31":{"start":{"line":77,"column":10},"end":{"line":77,"column":null}},"32":{"start":{"line":78,"column":10},"end":{"line":78,"column":null}},"33":{"start":{"line":80,"column":10},"end":{"line":80,"column":null}},"34":{"start":{"line":81,"column":10},"end":{"line":81,"column":null}},"35":{"start":{"line":84,"column":6},"end":{"line":84,"column":null}},"36":{"start":{"line":89,"column":2},"end":{"line":93,"column":null}},"37":{"start":{"line":101,"column":35},"end":{"line":117,"column":null}},"38":{"start":{"line":108,"column":21},"end":{"line":108,"column":null}},"39":{"start":{"line":109,"column":19},"end":{"line":109,"column":null}},"40":{"start":{"line":110,"column":20},"end":{"line":110,"column":null}},"41":{"start":{"line":111,"column":22},"end":{"line":111,"column":null}},"42":{"start":{"line":113,"column":20},"end":{"line":113,"column":null}},"43":{"start":{"line":116,"column":2},"end":{"line":116,"column":null}},"44":{"start":{"line":122,"column":38},"end":{"line":188,"column":null}},"45":{"start":{"line":127,"column":21},"end":{"line":127,"column":null}},"46":{"start":{"line":130,"column":20},"end":{"line":130,"column":null}},"47":{"start":{"line":131,"column":2},"end":{"line":134,"column":null}},"48":{"start":{"line":132,"column":4},"end":{"line":132,"column":null}},"49":{"start":{"line":133,"column":4},"end":{"line":133,"column":null}},"50":{"start":{"line":136,"column":17},"end":{"line":179,"column":null}},"51":{"start":{"line":138,"column":20},"end":{"line":138,"column":null}},"52":{"start":{"line":139,"column":18},"end":{"line":139,"column":null}},"53":{"start":{"line":140,"column":19},"end":{"line":140,"column":null}},"54":{"start":{"line":143,"column":22},"end":{"line":143,"column":null}},"55":{"start":{"line":146,"column":22},"end":{"line":146,"column":null}},"56":{"start":{"line":149,"column":4},"end":{"line":166,"column":null}},"57":{"start":{"line":150,"column":6},"end":{"line":150,"column":null}},"58":{"start":{"line":151,"column":6},"end":{"line":159,"column":null}},"59":{"start":{"line":162,"column":6},"end":{"line":162,"column":null}},"60":{"start":{"line":163,"column":6},"end":{"line":163,"column":null}},"61":{"start":{"line":165,"column":6},"end":{"line":165,"column":null}},"62":{"start":{"line":169,"column":4},"end":{"line":169,"column":null}},"63":{"start":{"line":171,"column":4},"end":{"line":178,"column":null}},"64":{"start":{"line":182,"column":21},"end":{"line":182,"column":null}},"65":{"start":{"line":183,"column":2},"end":{"line":185,"column":null}},"66":{"start":{"line":184,"column":4},"end":{"line":184,"column":null}},"67":{"start":{"line":187,"column":2},"end":{"line":187,"column":null}},"68":{"start":{"line":193,"column":36},"end":{"line":204,"column":null}},"69":{"start":{"line":194,"column":24},"end":{"line":194,"column":null}},"70":{"start":{"line":194,"column":55},"end":{"line":194,"column":90}},"71":{"start":{"line":195,"column":22},"end":{"line":195,"column":null}},"72":{"start":{"line":195,"column":53},"end":{"line":195,"column":86}},"73":{"start":{"line":196,"column":22},"end":{"line":196,"column":null}},"74":{"start":{"line":197,"column":21},"end":{"line":197,"column":null}},"75":{"start":{"line":199,"column":2},"end":{"line":203,"column":null}},"76":{"start":{"line":210,"column":43},"end":{"line":232,"column":null}},"77":{"start":{"line":212,"column":26},"end":{"line":212,"column":null}},"78":{"start":{"line":212,"column":50},"end":{"line":212,"column":70}},"79":{"start":{"line":214,"column":2},"end":{"line":220,"column":null}},"80":{"start":{"line":215,"column":4},"end":{"line":219,"column":null}},"81":{"start":{"line":222,"column":24},"end":{"line":222,"column":null}},"82":{"start":{"line":222,"column":63},"end":{"line":222,"column":98}},"83":{"start":{"line":223,"column":22},"end":{"line":223,"column":null}},"84":{"start":{"line":223,"column":61},"end":{"line":223,"column":94}},"85":{"start":{"line":224,"column":22},"end":{"line":224,"column":null}},"86":{"start":{"line":225,"column":21},"end":{"line":225,"column":null}},"87":{"start":{"line":227,"column":2},"end":{"line":231,"column":null}},"88":{"start":{"line":237,"column":39},"end":{"line":248,"column":null}},"89":{"start":{"line":238,"column":22},"end":{"line":238,"column":null}},"90":{"start":{"line":240,"column":2},"end":{"line":247,"column":null}},"91":{"start":{"line":240,"column":56},"end":{"line":247,"column":4}},"92":{"start":{"line":253,"column":35},"end":{"line":271,"column":null}},"93":{"start":{"line":258,"column":18},"end":{"line":258,"column":null}},"94":{"start":{"line":259,"column":16},"end":{"line":259,"column":null}},"95":{"start":{"line":260,"column":16},"end":{"line":260,"column":null}},"96":{"start":{"line":262,"column":31},"end":{"line":262,"column":null}},"97":{"start":{"line":263,"column":20},"end":{"line":263,"column":null}},"98":{"start":{"line":264,"column":22},"end":{"line":264,"column":null}},"99":{"start":{"line":266,"column":2},"end":{"line":270,"column":null}},"100":{"start":{"line":277,"column":38},"end":{"line":299,"column":null}},"101":{"start":{"line":281,"column":2},"end":{"line":281,"column":null}},"102":{"start":{"line":284,"column":25},"end":{"line":291,"column":null}},"103":{"start":{"line":284,"column":47},"end":{"line":291,"column":4}},"104":{"start":{"line":294,"column":17},"end":{"line":294,"column":null}},"105":{"start":{"line":296,"column":2},"end":{"line":296,"column":null}},"106":{"start":{"line":298,"column":2},"end":{"line":298,"column":null}}},"fnMap":{"0":{"name":"(anonymous_0)","decl":{"start":{"line":10,"column":21},"end":{"line":10,"column":22}},"loc":{"start":{"line":10,"column":45},"end":{"line":58,"column":null}},"line":10},"1":{"name":"(anonymous_1)","decl":{"start":{"line":63,"column":47},"end":{"line":63,"column":48}},"loc":{"start":{"line":67,"column":5},"end":{"line":94,"column":null}},"line":67},"2":{"name":"(anonymous_2)","decl":{"start":{"line":69,"column":4},"end":{"line":69,"column":5}},"loc":{"start":{"line":69,"column":26},"end":{"line":85,"column":null}},"line":69},"3":{"name":"(anonymous_3)","decl":{"start":{"line":101,"column":35},"end":{"line":101,"column":null}},"loc":{"start":{"line":106,"column":13},"end":{"line":117,"column":null}},"line":106},"4":{"name":"(anonymous_4)","decl":{"start":{"line":122,"column":38},"end":{"line":122,"column":null}},"loc":{"start":{"line":125,"column":19},"end":{"line":188,"column":null}},"line":125},"5":{"name":"(anonymous_5)","decl":{"start":{"line":136,"column":29},"end":{"line":136,"column":30}},"loc":{"start":{"line":136,"column":48},"end":{"line":179,"column":3}},"line":136},"6":{"name":"(anonymous_6)","decl":{"start":{"line":193,"column":36},"end":{"line":193,"column":37}},"loc":{"start":{"line":193,"column":63},"end":{"line":204,"column":null}},"line":193},"7":{"name":"(anonymous_7)","decl":{"start":{"line":194,"column":39},"end":{"line":194,"column":40}},"loc":{"start":{"line":194,"column":55},"end":{"line":194,"column":90}},"line":194},"8":{"name":"(anonymous_8)","decl":{"start":{"line":195,"column":37},"end":{"line":195,"column":38}},"loc":{"start":{"line":195,"column":53},"end":{"line":195,"column":86}},"line":195},"9":{"name":"(anonymous_9)","decl":{"start":{"line":210,"column":43},"end":{"line":210,"column":44}},"loc":{"start":{"line":210,"column":87},"end":{"line":232,"column":null}},"line":210},"10":{"name":"(anonymous_10)","decl":{"start":{"line":212,"column":41},"end":{"line":212,"column":50}},"loc":{"start":{"line":212,"column":50},"end":{"line":212,"column":70}},"line":212},"11":{"name":"(anonymous_11)","decl":{"start":{"line":222,"column":47},"end":{"line":222,"column":48}},"loc":{"start":{"line":222,"column":63},"end":{"line":222,"column":98}},"line":222},"12":{"name":"(anonymous_12)","decl":{"start":{"line":223,"column":45},"end":{"line":223,"column":46}},"loc":{"start":{"line":223,"column":61},"end":{"line":223,"column":94}},"line":223},"13":{"name":"(anonymous_13)","decl":{"start":{"line":237,"column":39},"end":{"line":237,"column":40}},"loc":{"start":{"line":237,"column":86},"end":{"line":248,"column":null}},"line":237},"14":{"name":"(anonymous_14)","decl":{"start":{"line":240,"column":45},"end":{"line":240,"column":46}},"loc":{"start":{"line":240,"column":56},"end":{"line":247,"column":4}},"line":240},"15":{"name":"(anonymous_15)","decl":{"start":{"line":253,"column":35},"end":{"line":253,"column":null}},"loc":{"start":{"line":257,"column":5},"end":{"line":271,"column":null}},"line":257},"16":{"name":"(anonymous_16)","decl":{"start":{"line":277,"column":38},"end":{"line":277,"column":null}},"loc":{"start":{"line":280,"column":19},"end":{"line":299,"column":null}},"line":280},"17":{"name":"(anonymous_17)","decl":{"start":{"line":284,"column":37},"end":{"line":284,"column":47}},"loc":{"start":{"line":284,"column":47},"end":{"line":291,"column":4}},"line":284}},"branchMap":{"0":{"loc":{"start":{"line":12,"column":2},"end":{"line":12,"column":null}},"type":"if","locations":[{"start":{"line":12,"column":2},"end":{"line":12,"column":null}},{"start":{},"end":{}}],"line":12},"1":{"loc":{"start":{"line":12,"column":6},"end":{"line":12,"column":61}},"type":"binary-expr","locations":[{"start":{"line":12,"column":6},"end":{"line":12,"column":24}},{"start":{"line":12,"column":24},"end":{"line":12,"column":47}},{"start":{"line":12,"column":47},"end":{"line":12,"column":61}}],"line":12},"2":{"loc":{"start":{"line":15,"column":2},"end":{"line":27,"column":null}},"type":"if","locations":[{"start":{"line":15,"column":2},"end":{"line":27,"column":null}},{"start":{},"end":{}}],"line":15},"3":{"loc":{"start":{"line":16,"column":4},"end":{"line":19,"column":null}},"type":"if","locations":[{"start":{"line":16,"column":4},"end":{"line":19,"column":null}},{"start":{},"end":{}}],"line":16},"4":{"loc":{"start":{"line":16,"column":8},"end":{"line":16,"column":42}},"type":"binary-expr","locations":[{"start":{"line":16,"column":8},"end":{"line":16,"column":24}},{"start":{"line":16,"column":24},"end":{"line":16,"column":42}}],"line":16},"5":{"loc":{"start":{"line":22,"column":4},"end":{"line":25,"column":null}},"type":"if","locations":[{"start":{"line":22,"column":4},"end":{"line":25,"column":null}},{"start":{},"end":{}}],"line":22},"6":{"loc":{"start":{"line":30,"column":2},"end":{"line":53,"column":null}},"type":"if","locations":[{"start":{"line":30,"column":2},"end":{"line":53,"column":null}},{"start":{},"end":{}}],"line":30},"7":{"loc":{"start":{"line":40,"column":4},"end":{"line":43,"column":null}},"type":"if","locations":[{"start":{"line":40,"column":4},"end":{"line":43,"column":null}},{"start":{},"end":{}}],"line":40},"8":{"loc":{"start":{"line":40,"column":8},"end":{"line":40,"column":38}},"type":"binary-expr","locations":[{"start":{"line":40,"column":8},"end":{"line":40,"column":22}},{"start":{"line":40,"column":22},"end":{"line":40,"column":38}}],"line":40},"9":{"loc":{"start":{"line":47,"column":4},"end":{"line":50,"column":null}},"type":"if","locations":[{"start":{"line":47,"column":4},"end":{"line":50,"column":null}},{"start":{},"end":{}}],"line":47},"10":{"loc":{"start":{"line":72,"column":6},"end":{"line":82,"column":null}},"type":"switch","locations":[{"start":{"line":73,"column":8},"end":{"line":75,"column":null}},{"start":{"line":76,"column":8},"end":{"line":78,"column":null}},{"start":{"line":79,"column":8},"end":{"line":81,"column":null}}],"line":72},"11":{"loc":{"start":{"line":131,"column":2},"end":{"line":134,"column":null}},"type":"if","locations":[{"start":{"line":131,"column":2},"end":{"line":134,"column":null}},{"start":{},"end":{}}],"line":131},"12":{"loc":{"start":{"line":149,"column":4},"end":{"line":166,"column":null}},"type":"if","locations":[{"start":{"line":149,"column":4},"end":{"line":166,"column":null}},{"start":{"line":164,"column":11},"end":{"line":166,"column":null}}],"line":149},"13":{"loc":{"start":{"line":177,"column":20},"end":{"line":177,"column":null}},"type":"binary-expr","locations":[{"start":{"line":177,"column":20},"end":{"line":177,"column":42}},{"start":{"line":177,"column":42},"end":{"line":177,"column":null}}],"line":177},"14":{"loc":{"start":{"line":182,"column":21},"end":{"line":182,"column":null}},"type":"binary-expr","locations":[{"start":{"line":182,"column":21},"end":{"line":182,"column":57}},{"start":{"line":182,"column":57},"end":{"line":182,"column":null}}],"line":182},"15":{"loc":{"start":{"line":183,"column":2},"end":{"line":185,"column":null}},"type":"if","locations":[{"start":{"line":183,"column":2},"end":{"line":185,"column":null}},{"start":{},"end":{}}],"line":183},"16":{"loc":{"start":{"line":197,"column":21},"end":{"line":197,"column":null}},"type":"binary-expr","locations":[{"start":{"line":197,"column":21},"end":{"line":197,"column":43}},{"start":{"line":197,"column":43},"end":{"line":197,"column":null}}],"line":197},"17":{"loc":{"start":{"line":214,"column":2},"end":{"line":220,"column":null}},"type":"if","locations":[{"start":{"line":214,"column":2},"end":{"line":220,"column":null}},{"start":{},"end":{}}],"line":214},"18":{"loc":{"start":{"line":225,"column":21},"end":{"line":225,"column":null}},"type":"binary-expr","locations":[{"start":{"line":225,"column":21},"end":{"line":225,"column":43}},{"start":{"line":225,"column":43},"end":{"line":225,"column":null}}],"line":225},"19":{"loc":{"start":{"line":279,"column":2},"end":{"line":279,"column":null}},"type":"default-arg","locations":[{"start":{"line":279,"column":25},"end":{"line":279,"column":null}}],"line":279},"20":{"loc":{"start":{"line":290,"column":18},"end":{"line":290,"column":null}},"type":"binary-expr","locations":[{"start":{"line":290,"column":18},"end":{"line":290,"column":40}},{"start":{"line":290,"column":40},"end":{"line":290,"column":null}}],"line":290}},"s":{"0":1,"1":108,"2":0,"3":108,"4":94,"5":0,"6":0,"7":94,"8":94,"9":1,"10":1,"11":93,"12":14,"13":14,"14":14,"15":14,"16":0,"17":0,"18":14,"19":14,"20":0,"21":0,"22":14,"23":0,"24":0,"25":1,"26":6,"27":11,"28":11,"29":5,"30":5,"31":3,"32":3,"33":3,"34":3,"35":11,"36":6,"37":1,"38":5,"39":5,"40":5,"41":5,"42":5,"43":5,"44":1,"45":7,"46":7,"47":7,"48":0,"49":0,"50":7,"51":10,"52":10,"53":10,"54":10,"55":10,"56":10,"57":0,"58":0,"59":0,"60":0,"61":10,"62":10,"63":10,"64":7,"65":7,"66":0,"67":7,"68":1,"69":2,"70":3,"71":2,"72":3,"73":2,"74":2,"75":2,"76":1,"77":2,"78":4,"79":2,"80":1,"81":1,"82":2,"83":1,"84":2,"85":1,"86":1,"87":2,"88":1,"89":4,"90":4,"91":119,"92":1,"93":5,"94":5,"95":5,"96":5,"97":5,"98":5,"99":5,"100":1,"101":3,"102":3,"103":4,"104":3,"105":3,"106":3},"f":{"0":108,"1":6,"2":11,"3":5,"4":7,"5":10,"6":2,"7":3,"8":3,"9":2,"10":4,"11":2,"12":2,"13":4,"14":119,"15":5,"16":3,"17":4},"b":{"0":[0,108],"1":[108,108,108],"2":[94,14],"3":[0,94],"4":[94,94],"5":[1,93],"6":[14,0],"7":[0,14],"8":[14,14],"9":[0,14],"10":[5,3,3],"11":[0,7],"12":[0,10],"13":[10,0],"14":[7,0],"15":[0,7],"16":[2,1],"17":[1,1],"18":[1,0],"19":[3],"20":[4,0]},"meta":{"lastBranch":21,"lastFunction":18,"lastStatement":107,"seen":{"s:10:21:58:Infinity":0,"f:10:21:10:22":0,"b:12:2:12:Infinity:undefined:undefined:undefined:undefined":0,"s:12:2:12:Infinity":1,"b:12:6:12:24:12:24:12:47:12:47:12:61":1,"s:12:61:12:Infinity":2,"b:15:2:27:Infinity:undefined:undefined:undefined:undefined":2,"s:15:2:27:Infinity":3,"b:16:4:19:Infinity:undefined:undefined:undefined:undefined":3,"s:16:4:19:Infinity":4,"b:16:8:16:24:16:24:16:42":4,"s:17:6:17:Infinity":5,"s:18:6:18:Infinity":6,"s:21:22:21:Infinity":7,"b:22:4:25:Infinity:undefined:undefined:undefined:undefined":5,"s:22:4:25:Infinity":8,"s:23:6:23:Infinity":9,"s:24:6:24:Infinity":10,"s:26:4:26:Infinity":11,"b:30:2:53:Infinity:undefined:undefined:undefined:undefined":6,"s:30:2:53:Infinity":12,"s:32:20:35:Infinity":13,"s:37:16:37:Infinity":14,"b:40:4:43:Infinity:undefined:undefined:undefined:undefined":7,"s:40:4:43:Infinity":15,"b:40:8:40:22:40:22:40:38":8,"s:41:6:41:Infinity":16,"s:42:6:42:Infinity":17,"s:46:22:46:Infinity":18,"b:47:4:50:Infinity:undefined:undefined:undefined:undefined":9,"s:47:4:50:Infinity":19,"s:48:6:48:Infinity":20,"s:49:6:49:Infinity":21,"s:52:4:52:Infinity":22,"s:56:2:56:Infinity":23,"s:57:2:57:Infinity":24,"s:63:47:94:Infinity":25,"f:63:47:63:48":1,"s:68:17:87:Infinity":26,"f:69:4:69:5":2,"s:70:21:70:Infinity":27,"b:73:8:75:Infinity:76:8:78:Infinity:79:8:81:Infinity":10,"s:72:6:82:Infinity":28,"s:74:10:74:Infinity":29,"s:75:10:75:Infinity":30,"s:77:10:77:Infinity":31,"s:78:10:78:Infinity":32,"s:80:10:80:Infinity":33,"s:81:10:81:Infinity":34,"s:84:6:84:Infinity":35,"s:89:2:93:Infinity":36,"s:101:35:117:Infinity":37,"f:101:35:101:Infinity":3,"s:108:21:108:Infinity":38,"s:109:19:109:Infinity":39,"s:110:20:110:Infinity":40,"s:111:22:111:Infinity":41,"s:113:20:113:Infinity":42,"s:116:2:116:Infinity":43,"s:122:38:188:Infinity":44,"f:122:38:122:Infinity":4,"s:127:21:127:Infinity":45,"s:130:20:130:Infinity":46,"b:131:2:134:Infinity:undefined:undefined:undefined:undefined":11,"s:131:2:134:Infinity":47,"s:132:4:132:Infinity":48,"s:133:4:133:Infinity":49,"s:136:17:179:Infinity":50,"f:136:29:136:30":5,"s:138:20:138:Infinity":51,"s:139:18:139:Infinity":52,"s:140:19:140:Infinity":53,"s:143:22:143:Infinity":54,"s:146:22:146:Infinity":55,"b:149:4:166:Infinity:164:11:166:Infinity":12,"s:149:4:166:Infinity":56,"s:150:6:150:Infinity":57,"s:151:6:159:Infinity":58,"s:162:6:162:Infinity":59,"s:163:6:163:Infinity":60,"s:165:6:165:Infinity":61,"s:169:4:169:Infinity":62,"s:171:4:178:Infinity":63,"b:177:20:177:42:177:42:177:Infinity":13,"s:182:21:182:Infinity":64,"b:182:21:182:57:182:57:182:Infinity":14,"b:183:2:185:Infinity:undefined:undefined:undefined:undefined":15,"s:183:2:185:Infinity":65,"s:184:4:184:Infinity":66,"s:187:2:187:Infinity":67,"s:193:36:204:Infinity":68,"f:193:36:193:37":6,"s:194:24:194:Infinity":69,"f:194:39:194:40":7,"s:194:55:194:90":70,"s:195:22:195:Infinity":71,"f:195:37:195:38":8,"s:195:53:195:86":72,"s:196:22:196:Infinity":73,"s:197:21:197:Infinity":74,"b:197:21:197:43:197:43:197:Infinity":16,"s:199:2:203:Infinity":75,"s:210:43:232:Infinity":76,"f:210:43:210:44":9,"s:212:26:212:Infinity":77,"f:212:41:212:50":10,"s:212:50:212:70":78,"b:214:2:220:Infinity:undefined:undefined:undefined:undefined":17,"s:214:2:220:Infinity":79,"s:215:4:219:Infinity":80,"s:222:24:222:Infinity":81,"f:222:47:222:48":11,"s:222:63:222:98":82,"s:223:22:223:Infinity":83,"f:223:45:223:46":12,"s:223:61:223:94":84,"s:224:22:224:Infinity":85,"s:225:21:225:Infinity":86,"b:225:21:225:43:225:43:225:Infinity":18,"s:227:2:231:Infinity":87,"s:237:39:248:Infinity":88,"f:237:39:237:40":13,"s:238:22:238:Infinity":89,"s:240:2:247:Infinity":90,"f:240:45:240:46":14,"s:240:56:247:4":91,"s:253:35:271:Infinity":92,"f:253:35:253:Infinity":15,"s:258:18:258:Infinity":93,"s:259:16:259:Infinity":94,"s:260:16:260:Infinity":95,"s:262:31:262:Infinity":96,"s:263:20:263:Infinity":97,"s:264:22:264:Infinity":98,"s:266:2:270:Infinity":99,"s:277:38:299:Infinity":100,"f:277:38:277:Infinity":16,"b:279:25:279:Infinity":19,"s:281:2:281:Infinity":101,"s:284:25:291:Infinity":102,"f:284:37:284:47":17,"s:284:47:291:4":103,"b:290:18:290:40:290:40:290:Infinity":20,"s:294:17:294:Infinity":104,"s:296:2:296:Infinity":105,"s:298:2:298:Infinity":106}}}
,"/home/user/fin/src/utils/formatters.ts": {"path":"/home/user/fin/src/utils/formatters.ts","statementMap":{"0":{"start":{"line":4,"column":30},"end":{"line":9,"column":null}},"1":{"start":{"line":5,"column":2},"end":{"line":8,"column":null}},"2":{"start":{"line":14,"column":26},"end":{"line":16,"column":null}},"3":{"start":{"line":15,"column":2},"end":{"line":15,"column":null}},"4":{"start":{"line":21,"column":28},"end":{"line":27,"column":null}},"5":{"start":{"line":22,"column":17},"end":{"line":25,"column":null}},"6":{"start":{"line":26,"column":2},"end":{"line":26,"column":null}},"7":{"start":{"line":32,"column":32},"end":{"line":35,"column":null}},"8":{"start":{"line":33,"column":24},"end":{"line":33,"column":null}},"9":{"start":{"line":34,"column":2},"end":{"line":34,"column":null}},"10":{"start":{"line":40,"column":33},"end":{"line":44,"column":null}},"11":{"start":{"line":41,"column":15},"end":{"line":41,"column":null}},"12":{"start":{"line":42,"column":16},"end":{"line":42,"column":null}},"13":{"start":{"line":43,"column":2},"end":{"line":43,"column":null}},"14":{"start":{"line":49,"column":29},"end":{"line":63,"column":null}},"15":{"start":{"line":50,"column":2},"end":{"line":50,"column":null}},"16":{"start":{"line":50,"column":37},"end":{"line":50,"column":null}},"17":{"start":{"line":53,"column":16},"end":{"line":53,"column":null}},"18":{"start":{"line":56,"column":2},"end":{"line":59,"column":null}},"19":{"start":{"line":58,"column":4},"end":{"line":58,"column":null}},"20":{"start":{"line":61,"column":17},"end":{"line":61,"column":null}},"21":{"start":{"line":62,"column":2},"end":{"line":62,"column":null}}},"fnMap":{"0":{"name":"(anonymous_0)","decl":{"start":{"line":4,"column":30},"end":{"line":4,"column":31}},"loc":{"start":{"line":4,"column":57},"end":{"line":9,"column":null}},"line":4},"1":{"name":"(anonymous_1)","decl":{"start":{"line":14,"column":26},"end":{"line":14,"column":27}},"loc":{"start":{"line":14,"column":50},"end":{"line":16,"column":null}},"line":14},"2":{"name":"(anonymous_2)","decl":{"start":{"line":21,"column":28},"end":{"line":21,"column":29}},"loc":{"start":{"line":21,"column":60},"end":{"line":27,"column":null}},"line":21},"3":{"name":"(anonymous_3)","decl":{"start":{"line":32,"column":32},"end":{"line":32,"column":33}},"loc":{"start":{"line":32,"column":60},"end":{"line":35,"column":null}},"line":32},"4":{"name":"(anonymous_4)","decl":{"start":{"line":40,"column":33},"end":{"line":40,"column":34}},"loc":{"start":{"line":40,"column":57},"end":{"line":44,"column":null}},"line":40},"5":{"name":"(anonymous_5)","decl":{"start":{"line":49,"column":29},"end":{"line":49,"column":30}},"loc":{"start":{"line":49,"column":56},"end":{"line":63,"column":null}},"line":49}},"branchMap":{"0":{"loc":{"start":{"line":50,"column":2},"end":{"line":50,"column":null}},"type":"if","locations":[{"start":{"line":50,"column":2},"end":{"line":50,"column":null}},{"start":{},"end":{}}],"line":50},"1":{"loc":{"start":{"line":50,"column":6},"end":{"line":50,"column":37}},"type":"binary-expr","locations":[{"start":{"line":50,"column":6},"end":{"line":50,"column":16}},{"start":{"line":50,"column":16},"end":{"line":50,"column":37}}],"line":50},"2":{"loc":{"start":{"line":56,"column":2},"end":{"line":59,"column":null}},"type":"if","locations":[{"start":{"line":56,"column":2},"end":{"line":59,"column":null}},{"start":{},"end":{}}],"line":56},"3":{"loc":{"start":{"line":62,"column":9},"end":{"line":62,"column":null}},"type":"cond-expr","locations":[{"start":{"line":62,"column":25},"end":{"line":62,"column":29}},{"start":{"line":62,"column":29},"end":{"line":62,"column":null}}],"line":62}},"s":{"0":1,"1":7,"2":1,"3":3,"4":1,"5":5,"6":5,"7":1,"8":3,"9":3,"10":1,"11":3,"12":3,"13":3,"14":1,"15":16,"16":2,"17":14,"18":14,"19":7,"20":14,"21":14},"f":{"0":7,"1":3,"2":5,"3":3,"4":3,"5":16},"b":{"0":[2,14],"1":[16,15],"2":[7,7],"3":[2,12]},"meta":{"lastBranch":4,"lastFunction":6,"lastStatement":22,"seen":{"s:4:30:9:Infinity":0,"f:4:30:4:31":0,"s:5:2:8:Infinity":1,"s:14:26:16:Infinity":2,"f:14:26:14:27":1,"s:15:2:15:Infinity":3,"s:21:28:27:Infinity":4,"f:21:28:21:29":2,"s:22:17:25:Infinity":5,"s:26:2:26:Infinity":6,"s:32:32:35:Infinity":7,"f:32:32:32:33":3,"s:33:24:33:Infinity":8,"s:34:2:34:Infinity":9,"s:40:33:44:Infinity":10,"f:40:33:40:34":4,"s:41:15:41:Infinity":11,"s:42:16:42:Infinity":12,"s:43:2:43:Infinity":13,"s:49:29:63:Infinity":14,"f:49:29:49:30":5,"b:50:2:50:Infinity:undefined:undefined:undefined:undefined":0,"s:50:2:50:Infinity":15,"b:50:6:50:16:50:16:50:37":1,"s:50:37:50:Infinity":16,"s:53:16:53:Infinity":17,"b:56:2:59:Infinity:undefined:undefined:undefined:undefined":2,"s:56:2:59:Infinity":18,"s:58:4:58:Infinity":19,"s:61:17:61:Infinity":20,"s:62:2:62:Infinity":21,"b:62:25:62:29:62:29:62:Infinity":3}}}
,"/home/user/fin/src/utils/recurrence.ts": {"path":"/home/user/fin/src/utils/recurrence.ts","statementMap":{"0":{"start":{"line":11,"column":15},"end":{"line":11,"column":null}},"1":{"start":{"line":13,"column":2},"end":{"line":73,"column":null}},"2":{"start":{"line":15,"column":6},"end":{"line":15,"column":null}},"3":{"start":{"line":16,"column":6},"end":{"line":16,"column":null}},"4":{"start":{"line":19,"column":6},"end":{"line":19,"column":null}},"5":{"start":{"line":20,"column":6},"end":{"line":20,"column":null}},"6":{"start":{"line":23,"column":6},"end":{"line":23,"column":null}},"7":{"start":{"line":24,"column":6},"end":{"line":24,"column":null}},"8":{"start":{"line":29,"column":6},"end":{"line":29,"column":null}},"9":{"start":{"line":30,"column":6},"end":{"line":30,"column":null}},"10":{"start":{"line":32,"column":6},"end":{"line":39,"column":null}},"11":{"start":{"line":34,"column":24},"end":{"line":34,"column":null}},"12":{"start":{"line":35,"column":8},"end":{"line":35,"column":null}},"13":{"start":{"line":36,"column":6},"end":{"line":39,"column":null}},"14":{"start":{"line":38,"column":8},"end":{"line":38,"column":null}},"15":{"start":{"line":40,"column":6},"end":{"line":40,"column":null}},"16":{"start":{"line":45,"column":6},"end":{"line":45,"column":null}},"17":{"start":{"line":46,"column":6},"end":{"line":46,"column":null}},"18":{"start":{"line":48,"column":6},"end":{"line":55,"column":null}},"19":{"start":{"line":50,"column":24},"end":{"line":50,"column":null}},"20":{"start":{"line":51,"column":8},"end":{"line":51,"column":null}},"21":{"start":{"line":52,"column":6},"end":{"line":55,"column":null}},"22":{"start":{"line":54,"column":8},"end":{"line":54,"column":null}},"23":{"start":{"line":56,"column":6},"end":{"line":56,"column":null}},"24":{"start":{"line":61,"column":6},"end":{"line":61,"column":null}},"25":{"start":{"line":62,"column":6},"end":{"line":62,"column":null}},"26":{"start":{"line":64,"column":6},"end":{"line":71,"column":null}},"27":{"start":{"line":66,"column":24},"end":{"line":66,"column":null}},"28":{"start":{"line":67,"column":8},"end":{"line":67,"column":null}},"29":{"start":{"line":68,"column":6},"end":{"line":71,"column":null}},"30":{"start":{"line":70,"column":8},"end":{"line":70,"column":null}},"31":{"start":{"line":72,"column":6},"end":{"line":72,"column":null}},"32":{"start":{"line":76,"column":2},"end":{"line":81,"column":null}},"33":{"start":{"line":77,"column":20},"end":{"line":77,"column":null}},"34":{"start":{"line":78,"column":4},"end":{"line":80,"column":null}},"35":{"start":{"line":79,"column":6},"end":{"line":79,"column":null}},"36":{"start":{"line":83,"column":2},"end":{"line":83,"column":null}},"37":{"start":{"line":96,"column":2},"end":{"line":99,"column":null}},"38":{"start":{"line":98,"column":4},"end":{"line":98,"column":null}},"39":{"start":{"line":101,"column":18},"end":{"line":101,"column":null}},"40":{"start":{"line":103,"column":24},"end":{"line":103,"column":null}},"41":{"start":{"line":105,"column":21},"end":{"line":105,"column":null}},"42":{"start":{"line":106,"column":19},"end":{"line":106,"column":null}},"43":{"start":{"line":110,"column":38},"end":{"line":110,"column":null}},"44":{"start":{"line":113,"column":20},"end":{"line":113,"column":null}},"45":{"start":{"line":117,"column":2},"end":{"line":121,"column":null}},"46":{"start":{"line":118,"column":20},"end":{"line":118,"column":null}},"47":{"start":{"line":119,"column":4},"end":{"line":119,"column":null}},"48":{"start":{"line":124,"column":2},"end":{"line":127,"column":null}},"49":{"start":{"line":126,"column":4},"end":{"line":126,"column":null}},"50":{"start":{"line":130,"column":19},"end":{"line":130,"column":null}},"51":{"start":{"line":131,"column":2},"end":{"line":139,"column":null}},"52":{"start":{"line":132,"column":17},"end":{"line":132,"column":null}},"53":{"start":{"line":133,"column":4},"end":{"line":136,"column":null}},"54":{"start":{"line":135,"column":6},"end":{"line":135,"column":null}},"55":{"start":{"line":137,"column":4},"end":{"line":137,"column":null}},"56":{"start":{"line":138,"column":4},"end":{"line":138,"column":null}},"57":{"start":{"line":141,"column":2},"end":{"line":143,"column":null}},"58":{"start":{"line":146,"column":2},"end":{"line":178,"column":null}},"59":{"start":{"line":148,"column":4},"end":{"line":155,"column":null}},"60":{"start":{"line":149,"column":22},"end":{"line":149,"column":null}},"61":{"start":{"line":151,"column":6},"end":{"line":154,"column":null}},"62":{"start":{"line":152,"column":8},"end":{"line":152,"column":null}},"63":{"start":{"line":153,"column":8},"end":{"line":153,"column":null}},"64":{"start":{"line":159,"column":37},"end":{"line":167,"column":null}},"65":{"start":{"line":169,"column":4},"end":{"line":169,"column":null}},"66":{"start":{"line":172,"column":17},"end":{"line":172,"column":null}},"67":{"start":{"line":173,"column":4},"end":{"line":176,"column":null}},"68":{"start":{"line":175,"column":6},"end":{"line":175,"column":null}},"69":{"start":{"line":177,"column":4},"end":{"line":177,"column":null}},"70":{"start":{"line":181,"column":2},"end":{"line":181,"column":null}},"71":{"start":{"line":191,"column":24},"end":{"line":191,"column":null}},"72":{"start":{"line":192,"column":21},"end":{"line":192,"column":null}},"73":{"start":{"line":193,"column":19},"end":{"line":193,"column":null}},"74":{"start":{"line":195,"column":20},"end":{"line":195,"column":null}},"75":{"start":{"line":198,"column":2},"end":{"line":200,"column":null}},"76":{"start":{"line":199,"column":4},"end":{"line":199,"column":null}},"77":{"start":{"line":203,"column":2},"end":{"line":208,"column":null}},"78":{"start":{"line":204,"column":20},"end":{"line":204,"column":null}},"79":{"start":{"line":205,"column":4},"end":{"line":207,"column":null}},"80":{"start":{"line":206,"column":6},"end":{"line":206,"column":null}},"81":{"start":{"line":210,"column":2},"end":{"line":210,"column":null}},"82":{"start":{"line":217,"column":2},"end":{"line":221,"column":null}},"83":{"start":{"line":219,"column":22},"end":{"line":219,"column":null}},"84":{"start":{"line":220,"column":4},"end":{"line":220,"column":null}},"85":{"start":{"line":223,"column":2},"end":{"line":223,"column":null}},"86":{"start":{"line":230,"column":17},"end":{"line":237,"column":null}},"87":{"start":{"line":239,"column":2},"end":{"line":239,"column":null}}},"fnMap":{"0":{"name":"getNextOccurrence","decl":{"start":{"line":7,"column":16},"end":{"line":7,"column":null}},"loc":{"start":{"line":10,"column":15},"end":{"line":84,"column":null}},"line":10},"1":{"name":"generateRecurringTransactionsForMonth","decl":{"start":{"line":89,"column":16},"end":{"line":89,"column":null}},"loc":{"start":{"line":93,"column":17},"end":{"line":182,"column":null}},"line":93},"2":{"name":"shouldGenerateForMonth","decl":{"start":{"line":187,"column":16},"end":{"line":187,"column":null}},"loc":{"start":{"line":190,"column":11},"end":{"line":211,"column":null}},"line":190},"3":{"name":"getDayOfMonthForRecurrence","decl":{"start":{"line":216,"column":16},"end":{"line":216,"column":43}},"loc":{"start":{"line":216,"column":79},"end":{"line":224,"column":null}},"line":216},"4":{"name":"formatRecurrenceFrequency","decl":{"start":{"line":229,"column":16},"end":{"line":229,"column":42}},"loc":{"start":{"line":229,"column":93},"end":{"line":240,"column":null}},"line":229}},"branchMap":{"0":{"loc":{"start":{"line":13,"column":2},"end":{"line":73,"column":null}},"type":"switch","locations":[{"start":{"line":14,"column":4},"end":{"line":16,"column":null}},{"start":{"line":18,"column":4},"end":{"line":20,"column":null}},{"start":{"line":22,"column":4},"end":{"line":24,"column":null}},{"start":{"line":26,"column":4},"end":{"line":40,"column":null}},{"start":{"line":42,"column":4},"end":{"line":56,"column":null}},{"start":{"line":58,"column":4},"end":{"line":72,"column":null}}],"line":13},"1":{"loc":{"start":{"line":32,"column":6},"end":{"line":39,"column":null}},"type":"if","locations":[{"start":{"line":32,"column":6},"end":{"line":39,"column":null}},{"start":{"line":36,"column":6},"end":{"line":39,"column":null}}],"line":32},"2":{"loc":{"start":{"line":36,"column":6},"end":{"line":39,"column":null}},"type":"if","locations":[{"start":{"line":36,"column":6},"end":{"line":39,"column":null}},{"start":{},"end":{}}],"line":36},"3":{"loc":{"start":{"line":48,"column":6},"end":{"line":55,"column":null}},"type":"if","locations":[{"start":{"line":48,"column":6},"end":{"line":55,"column":null}},{"start":{"line":52,"column":6},"end":{"line":55,"column":null}}],"line":48},"4":{"loc":{"start":{"line":52,"column":6},"end":{"line":55,"column":null}},"type":"if","locations":[{"start":{"line":52,"column":6},"end":{"line":55,"column":null}},{"start":{},"end":{}}],"line":52},"5":{"loc":{"start":{"line":64,"column":6},"end":{"line":71,"column":null}},"type":"if","locations":[{"start":{"line":64,"column":6},"end":{"line":71,"column":null}},{"start":{"line":68,"column":6},"end":{"line":71,"column":null}}],"line":64},"6":{"loc":{"start":{"line":68,"column":6},"end":{"line":71,"column":null}},"type":"if","locations":[{"start":{"line":68,"column":6},"end":{"line":71,"column":null}},{"start":{},"end":{}}],"line":68},"7":{"loc":{"start":{"line":76,"column":2},"end":{"line":81,"column":null}},"type":"if","locations":[{"start":{"line":76,"column":2},"end":{"line":81,"column":null}},{"start":{},"end":{}}],"line":76},"8":{"loc":{"start":{"line":78,"column":4},"end":{"line":80,"column":null}},"type":"if","locations":[{"start":{"line":78,"column":4},"end":{"line":80,"column":null}},{"start":{},"end":{}}],"line":78},"9":{"loc":{"start":{"line":96,"column":2},"end":{"line":99,"column":null}},"type":"if","locations":[{"start":{"line":96,"column":2},"end":{"line":99,"column":null}},{"start":{},"end":{}}],"line":96},"10":{"loc":{"start":{"line":117,"column":2},"end":{"line":121,"column":null}},"type":"if","locations":[{"start":{"line":117,"column":2},"end":{"line":121,"column":null}},{"start":{},"end":{}}],"line":117},"11":{"loc":{"start":{"line":117,"column":6},"end":{"line":117,"column":99}},"type":"binary-expr","locations":[{"start":{"line":117,"column":6},"end":{"line":117,"column":35}},{"start":{"line":117,"column":35},"end":{"line":117,"column":99}}],"line":117},"12":{"loc":{"start":{"line":124,"column":2},"end":{"line":127,"column":null}},"type":"if","locations":[{"start":{"line":124,"column":2},"end":{"line":127,"column":null}},{"start":{},"end":{}}],"line":124},"13":{"loc":{"start":{"line":133,"column":4},"end":{"line":136,"column":null}},"type":"if","locations":[{"start":{"line":133,"column":4},"end":{"line":136,"column":null}},{"start":{},"end":{}}],"line":133},"14":{"loc":{"start":{"line":141,"column":2},"end":{"line":143,"column":null}},"type":"if","locations":[{"start":{"line":141,"column":2},"end":{"line":143,"column":null}},{"start":{},"end":{}}],"line":141},"15":{"loc":{"start":{"line":148,"column":4},"end":{"line":155,"column":null}},"type":"if","locations":[{"start":{"line":148,"column":4},"end":{"line":155,"column":null}},{"start":{},"end":{}}],"line":148},"16":{"loc":{"start":{"line":151,"column":6},"end":{"line":154,"column":null}},"type":"if","locations":[{"start":{"line":151,"column":6},"end":{"line":154,"column":null}},{"start":{},"end":{}}],"line":151},"17":{"loc":{"start":{"line":173,"column":4},"end":{"line":176,"column":null}},"type":"if","locations":[{"start":{"line":173,"column":4},"end":{"line":176,"column":null}},{"start":{},"end":{}}],"line":173},"18":{"loc":{"start":{"line":198,"column":2},"end":{"line":200,"column":null}},"type":"if","locations":[{"start":{"line":198,"column":2},"end":{"line":200,"column":null}},{"start":{},"end":{}}],"line":198},"19":{"loc":{"start":{"line":203,"column":2},"end":{"line":208,"column":null}},"type":"if","locations":[{"start":{"line":203,"column":2},"end":{"line":208,"column":null}},{"start":{},"end":{}}],"line":203},"20":{"loc":{"start":{"line":205,"column":4},"end":{"line":207,"column":null}},"type":"if","locations":[{"start":{"line":205,"column":4},"end":{"line":207,"column":null}},{"start":{},"end":{}}],"line":205},"21":{"loc":{"start":{"line":217,"column":2},"end":{"line":221,"column":null}},"type":"if","locations":[{"start":{"line":217,"column":2},"end":{"line":221,"column":null}},{"start":{},"end":{}}],"line":217}},"s":{"0":78,"1":78,"2":60,"3":60,"4":11,"5":11,"6":1,"7":1,"8":4,"9":4,"10":4,"11":1,"12":1,"13":3,"14":3,"15":4,"16":1,"17":1,"18":1,"19":0,"20":0,"21":1,"22":1,"23":1,"24":1,"25":1,"26":1,"27":0,"28":0,"29":1,"30":1,"31":1,"32":78,"33":11,"34":11,"35":2,"36":76,"37":8,"38":1,"39":7,"40":7,"41":7,"42":7,"43":7,"44":7,"45":7,"46":0,"47":0,"48":7,"49":1,"50":6,"51":6,"52":0,"53":0,"54":0,"55":0,"56":0,"57":6,"58":6,"59":69,"60":10,"61":10,"62":0,"63":0,"64":69,"65":69,"66":69,"67":69,"68":1,"69":68,"70":6,"71":5,"72":5,"73":5,"74":5,"75":5,"76":1,"77":4,"78":2,"79":2,"80":1,"81":3,"82":2,"83":1,"84":1,"85":1,"86":6,"87":6},"f":{"0":78,"1":8,"2":5,"3":2,"4":6},"b":{"0":[60,11,1,4,1,1],"1":[1,3],"2":[3,0],"3":[0,1],"4":[1,0],"5":[0,1],"6":[1,0],"7":[11,67],"8":[2,9],"9":[1,7],"10":[0,7],"11":[7,0],"12":[1,6],"13":[0,0],"14":[0,6],"15":[10,59],"16":[0,10],"17":[1,68],"18":[1,4],"19":[2,2],"20":[1,1],"21":[1,1]},"meta":{"lastBranch":22,"lastFunction":5,"lastStatement":88,"seen":{"f:7:16:7:Infinity":0,"s:11:15:11:Infinity":0,"b:14:4:16:Infinity:18:4:20:Infinity:22:4:24:Infinity:26:4:40:Infinity:42:4:56:Infinity:58:4:72:Infinity":0,"s:13:2:73:Infinity":1,"s:15:6:15:Infinity":2,"s:16:6:16:Infinity":3,"s:19:6:19:Infinity":4,"s:20:6:20:Infinity":5,"s:23:6:23:Infinity":6,"s:24:6:24:Infinity":7,"s:29:6:29:Infinity":8,"s:30:6:30:Infinity":9,"b:32:6:39:Infinity:36:6:39:Infinity":1,"s:32:6:39:Infinity":10,"s:34:24:34:Infinity":11,"s:35:8:35:Infinity":12,"b:36:6:39:Infinity:undefined:undefined:undefined:undefined":2,"s:36:6:39:Infinity":13,"s:38:8:38:Infinity":14,"s:40:6:40:Infinity":15,"s:45:6:45:Infinity":16,"s:46:6:46:Infinity":17,"b:48:6:55:Infinity:52:6:55:Infinity":3,"s:48:6:55:Infinity":18,"s:50:24:50:Infinity":19,"s:51:8:51:Infinity":20,"b:52:6:55:Infinity:undefined:undefined:undefined:undefined":4,"s:52:6:55:Infinity":21,"s:54:8:54:Infinity":22,"s:56:6:56:Infinity":23,"s:61:6:61:Infinity":24,"s:62:6:62:Infinity":25,"b:64:6:71:Infinity:68:6:71:Infinity":5,"s:64:6:71:Infinity":26,"s:66:24:66:Infinity":27,"s:67:8:67:Infinity":28,"b:68:6:71:Infinity:undefined:undefined:undefined:undefined":6,"s:68:6:71:Infinity":29,"s:70:8:70:Infinity":30,"s:72:6:72:Infinity":31,"b:76:2:81:Infinity:undefined:undefined:undefined:undefined":7,"s:76:2:81:Infinity":32,"s:77:20:77:Infinity":33,"b:78:4:80:Infinity:undefined:undefined:undefined:undefined":8,"s:78:4:80:Infinity":34,"s:79:6:79:Infinity":35,"s:83:2:83:Infinity":36,"f:89:16:89:Infinity":1,"b:96:2:99:Infinity:undefined:undefined:undefined:undefined":9,"s:96:2:99:Infinity":37,"s:98:4:98:Infinity":38,"s:101:18:101:Infinity":39,"s:103:24:103:Infinity":40,"s:105:21:105:Infinity":41,"s:106:19:106:Infinity":42,"s:110:38:110:Infinity":43,"s:113:20:113:Infinity":44,"b:117:2:121:Infinity:undefined:undefined:undefined:undefined":10,"s:117:2:121:Infinity":45,"b:117:6:117:35:117:35:117:99":11,"s:118:20:118:Infinity":46,"s:119:4:119:Infinity":47,"b:124:2:127:Infinity:undefined:undefined:undefined:undefined":12,"s:124:2:127:Infinity":48,"s:126:4:126:Infinity":49,"s:130:19:130:Infinity":50,"s:131:2:139:Infinity":51,"s:132:17:132:Infinity":52,"b:133:4:136:Infinity:undefined:undefined:undefined:undefined":13,"s:133:4:136:Infinity":53,"s:135:6:135:Infinity":54,"s:137:4:137:Infinity":55,"s:138:4:138:Infinity":56,"b:141:2:143:Infinity:undefined:undefined:undefined:undefined":14,"s:141:2:143:Infinity":57,"s:146:2:178:Infinity":58,"b:148:4:155:Infinity:undefined:undefined:undefined:undefined":15,"s:148:4:155:Infinity":59,"s:149:22:149:Infinity":60,"b:151:6:154:Infinity:undefined:undefined:undefined:undefined":16,"s:151:6:154:Infinity":61,"s:152:8:152:Infinity":62,"s:153:8:153:Infinity":63,"s:159:37:167:Infinity":64,"s:169:4:169:Infinity":65,"s:172:17:172:Infinity":66,"b:173:4:176:Infinity:undefined:undefined:undefined:undefined":17,"s:173:4:176:Infinity":67,"s:175:6:175:Infinity":68,"s:177:4:177:Infinity":69,"s:181:2:181:Infinity":70,"f:187:16:187:Infinity":2,"s:191:24:191:Infinity":71,"s:192:21:192:Infinity":72,"s:193:19:193:Infinity":73,"s:195:20:195:Infinity":74,"b:198:2:200:Infinity:undefined:undefined:undefined:undefined":18,"s:198:2:200:Infinity":75,"s:199:4:199:Infinity":76,"b:203:2:208:Infinity:undefined:undefined:undefined:undefined":19,"s:203:2:208:Infinity":77,"s:204:20:204:Infinity":78,"b:205:4:207:Infinity:undefined:undefined:undefined:undefined":20,"s:205:4:207:Infinity":79,"s:206:6:206:Infinity":80,"s:210:2:210:Infinity":81,"f:216:16:216:43":3,"b:217:2:221:Infinity:undefined:undefined:undefined:undefined":21,"s:217:2:221:Infinity":82,"s:219:22:219:Infinity":83,"s:220:4:220:Infinity":84,"s:223:2:223:Infinity":85,"f:229:16:229:42":4,"s:230:17:237:Infinity":86,"s:239:2:239:Infinity":87}}}
}
